\BOOKMARK [0][-]{chapter.1}{Introduction}{}% 1
\BOOKMARK [1][-]{section.1.1}{Stuff}{chapter.1}% 2
\BOOKMARK [1][-]{section.1.2}{More\040stuff}{chapter.1}% 3
\BOOKMARK [1][-]{section.1.3}{Interesting\040stuff}{chapter.1}% 4
\BOOKMARK [0][-]{chapter.2}{Setup\040for\040high\040resolution\040imaging}{}% 5
\BOOKMARK [1][-]{section.2.1}{Experimental\040requirements}{chapter.2}% 6
\BOOKMARK [1][-]{section.2.2}{Camera\040for\040double\040species\040imaging}{chapter.2}% 7
\BOOKMARK [2][-]{subsection.2.2.1}{Comparison\040with\040the\040present\040setup}{section.2.2}% 8
\BOOKMARK [2][-]{subsection.2.2.2}{Dark\040current}{section.2.2}% 9
\BOOKMARK [2][-]{subsection.2.2.3}{Readout\040noise}{section.2.2}% 10
\BOOKMARK [2][-]{subsection.2.2.4}{Quantum\040efficiency}{section.2.2}% 11
\BOOKMARK [2][-]{subsection.2.2.5}{Pixel\040correlations}{section.2.2}% 12
\BOOKMARK [1][-]{section.2.3}{Mechanical\040shutter}{chapter.2}% 13
\BOOKMARK [2][-]{subsection.2.3.1}{Electronic\040setup}{section.2.3}% 14
\BOOKMARK [2][-]{subsection.2.3.2}{Dynamical\040properties}{section.2.3}% 15
\BOOKMARK [1][-]{section.2.4}{Mask\040for\040the\040CCD\040sensor}{chapter.2}% 16
\BOOKMARK [2][-]{subsection.2.4.1}{Fast\040kinetics\040mode}{section.2.4}% 17
\BOOKMARK [2][-]{subsection.2.4.2}{Frequency\040response\040of\040an\040imaging\040system}{section.2.4}% 18
\BOOKMARK [2][-]{subsection.2.4.3}{Optimization\040of\040the\040masking\040setup}{section.2.4}% 19
\BOOKMARK [0][-]{chapter.3}{Testing\040the\040camera:\040Superfluids}{}% 20
\BOOKMARK [0][-]{chapter.4}{Conclusion\040and\040outlook}{}% 21
\BOOKMARK [0][-]{appendix.A}{Acquisition\040sequence}{}% 22
\BOOKMARK [0][-]{appendix.B}{Testing\040software}{}% 23
